<?xml version="1.0" encoding="UTF-8"?>
<!-- Generated by org.testng.reporters.JUnitReportReporter -->
<testsuite skipped="0" hostname="LAPTOP-V3FQA4U6" name="com.test.base.APIToCSVTest" tests="1" failures="0" timestamp="2023-09-11T00:23:18 IST" time="4.133" errors="0">
  <testcase name="exportDataToCSV" time="4.133" classname="com.test.base.APIToCSVTest"/>
</testsuite> <!-- com.test.base.APIToCSVTest -->
