<?xml version="1.0" encoding="UTF-8"?>
<!-- Generated by org.testng.reporters.JUnitReportReporter -->
<testsuite skipped="0" hostname="LAPTOP-V3FQA4U6" name="com.test.base.BaseTest" tests="1" failures="0" timestamp="2023-09-10T22:54:26 IST" time="8.197" errors="0">
  <testcase name="login" time="8.197" classname="com.test.base.BaseTest"/>
</testsuite> <!-- com.test.base.BaseTest -->
